INFO: 2021-08-01 12:09:43,442: main() 'Using profile folder /home/cs/.config/variety/'
INFO: 2021-08-01 12:09:43,446: perform_upgrade() 'Last run version was 0.8.5 or earlier, current version is 0.8.5'
INFO: 2021-08-01 12:09:43,546: process_command() 'Received command: []'
INFO: 2021-08-01 12:09:43,548: load_banned() 'Missing or invalid banned URLs list, no URLs will be banned'
INFO: 2021-08-01 12:09:43,555: start() 'Using data_path /usr/share/variety'
INFO: 2021-08-01 12:09:43,555: load() 'Jumble loading'
INFO: 2021-08-01 12:09:43,555: _walk_modules() 'Jumble loading module in __init__ from /usr/lib/python3/dist-packages/variety/plugins/builtin/__init__.py'
INFO: 2021-08-01 12:09:43,556: _walk_modules() 'Jumble loading module in __init__ from /usr/lib/python3/dist-packages/variety/plugins/builtin/downloaders/__init__.py'
INFO: 2021-08-01 12:09:43,556: _walk_modules() 'Jumble loading module in MediaRSSDownloader from /usr/lib/python3/dist-packages/variety/plugins/builtin/downloaders/MediaRSSDownloader.py'
INFO: 2021-08-01 12:09:43,557: _walk_modules() 'Jumble loading module in UnsplashConfigurableSource from /usr/lib/python3/dist-packages/variety/plugins/builtin/downloaders/UnsplashConfigurableSource.py'
INFO: 2021-08-01 12:09:43,558: load() 'Jumble found plugin class: <class 'UnsplashConfigurableSource.UnsplashConfigurableSource'>: {'name': 'UnsplashConfigurableSource', 'description': 'Configurable source for fetching photos from Unsplash.com', 'author': 'Peter Levi', 'version': '0.1'}'
INFO: 2021-08-01 12:09:43,559: _walk_modules() 'Jumble loading module in WallhavenDownloader from /usr/lib/python3/dist-packages/variety/plugins/builtin/downloaders/WallhavenDownloader.py'
INFO: 2021-08-01 12:09:43,559: _walk_modules() 'Jumble loading module in UnsplashDownloader from /usr/lib/python3/dist-packages/variety/plugins/builtin/downloaders/UnsplashDownloader.py'
INFO: 2021-08-01 12:09:43,559: load() 'Jumble found plugin class: <class 'UnsplashDownloader.UnsplashDownloader'>: {'name': 'UnsplashDownloader', 'description': 'High-resolution photos from Unsplash.com', 'author': 'Peter Levi', 'version': '0.1'}'
INFO: 2021-08-01 12:09:43,560: _walk_modules() 'Jumble loading module in APODDownloader from /usr/lib/python3/dist-packages/variety/plugins/builtin/downloaders/APODDownloader.py'
INFO: 2021-08-01 12:09:43,560: load() 'Jumble found plugin class: <class 'APODDownloader.APODDownloader'>: {'name': 'APODDownloader', 'description': 'NASA Astro Pic of the Day', 'author': 'Peter Levi', 'version': '0.1'}'
INFO: 2021-08-01 12:09:43,560: _walk_modules() 'Jumble loading module in BingDownloader from /usr/lib/python3/dist-packages/variety/plugins/builtin/downloaders/BingDownloader.py'
INFO: 2021-08-01 12:09:43,561: load() 'Jumble found plugin class: <class 'BingDownloader.BingDownloader'>: {'name': 'BingDownloader', 'description': 'Bing Photo of the Day', 'author': 'Peter Levi', 'version': '0.1'}'
INFO: 2021-08-01 12:09:43,561: _walk_modules() 'Jumble loading module in EarthviewDownloader from /usr/lib/python3/dist-packages/variety/plugins/builtin/downloaders/EarthviewDownloader.py'
INFO: 2021-08-01 12:09:43,561: load() 'Jumble found plugin class: <class 'EarthviewDownloader.EarthviewDownloader'>: {'name': 'EarthviewDownloader', 'description': 'Google Earth View Wallpapers', 'author': 'Peter Levi', 'version': '0.1'}'
INFO: 2021-08-01 12:09:43,561: _walk_modules() 'Jumble loading module in RedditDownloader from /usr/lib/python3/dist-packages/variety/plugins/builtin/downloaders/RedditDownloader.py'
INFO: 2021-08-01 12:09:43,562: _walk_modules() 'Jumble loading module in WallhavenSource from /usr/lib/python3/dist-packages/variety/plugins/builtin/downloaders/WallhavenSource.py'
INFO: 2021-08-01 12:09:43,562: load() 'Jumble found plugin class: <class 'WallhavenSource.WallhavenSource'>: {'name': 'WallhavenSource', 'description': 'Configurable source for fetching images from Wallhaven.cc', 'author': 'Peter Levi', 'version': '0.1'}'
INFO: 2021-08-01 12:09:43,562: _walk_modules() 'Jumble loading module in RedditSource from /usr/lib/python3/dist-packages/variety/plugins/builtin/downloaders/RedditSource.py'
INFO: 2021-08-01 12:09:43,563: load() 'Jumble found plugin class: <class 'RedditSource.RedditSource'>: {'name': 'RedditSource', 'description': 'Configurable source for fetching images from Reddit', 'author': 'Peter Levi', 'version': '0.1'}'
INFO: 2021-08-01 12:09:43,563: _walk_modules() 'Jumble loading module in MediaRSSSource from /usr/lib/python3/dist-packages/variety/plugins/builtin/downloaders/MediaRSSSource.py'
INFO: 2021-08-01 12:09:43,564: load() 'Jumble found plugin class: <class 'MediaRSSSource.MediaRSSSource'>: {'name': 'MediaRSSSource', 'description': 'Configurable source for fetching images from MediaRSS feeds', 'author': 'Peter Levi', 'version': '0.1'}'
INFO: 2021-08-01 12:09:43,564: _walk_modules() 'Jumble loading module in __init__ from /usr/lib/python3/dist-packages/variety/plugins/builtin/quotes/__init__.py'
INFO: 2021-08-01 12:09:43,564: _walk_modules() 'Jumble loading module in FortuneSource from /usr/lib/python3/dist-packages/variety/plugins/builtin/quotes/FortuneSource.py'
INFO: 2021-08-01 12:09:43,565: load() 'Jumble found plugin class: <class 'FortuneSource.FortuneSource'>: {'name': 'UNIX fortune program', 'description': 'Displays quotes using the UNIX fortune program. You may want to install additional fortune packs, e.g. fortunes-bofh-excuses.', 'author': 'Dan Jones', 'version': '0.1'}'
INFO: 2021-08-01 12:09:43,565: _walk_modules() 'Jumble loading module in GoodreadsSource from /usr/lib/python3/dist-packages/variety/plugins/builtin/quotes/GoodreadsSource.py'
INFO: 2021-08-01 12:09:43,569: load() 'Jumble found plugin class: <class 'GoodreadsSource.GoodreadsSource'>: {'name': 'Goodreads', 'description': 'Fetches quotes from Goodreads.com', 'author': 'Peter Levi', 'version': '0.1'}'
INFO: 2021-08-01 12:09:43,569: _walk_modules() 'Jumble loading module in LocalFilesSource from /usr/lib/python3/dist-packages/variety/plugins/builtin/quotes/LocalFilesSource.py'
INFO: 2021-08-01 12:09:43,570: load() 'Jumble found plugin class: <class 'LocalFilesSource.LocalFilesSource'>: {'name': 'Local text files', 'description': 'Displays quotes, defined in local text files.\nPut your own txt files in: ~/.config/variety/pluginconfig/quotes/.\nThe file format is:\n\nquote -- author\n.\nsecond quote -- another author\n.\netc...\n\nExample: http://rvelthuis.de/zips/quotes.txt', 'author': 'Peter Levi', 'version': '0.1'}'
INFO: 2021-08-01 12:09:43,570: _walk_modules() 'Jumble loading module in UrbanDictionarySource from /usr/lib/python3/dist-packages/variety/plugins/builtin/quotes/UrbanDictionarySource.py'
INFO: 2021-08-01 12:09:43,570: load() 'Jumble found plugin class: <class 'UrbanDictionarySource.UrbanDictionarySource'>: {'name': 'Urban Dictionary', 'description': 'Displays definitions from Urban Dictionary', 'author': 'James Miller', 'version': '0.1'}'
INFO: 2021-08-01 12:09:43,570: _walk_modules() 'Jumble loading module in QuotationsPageSource from /usr/lib/python3/dist-packages/variety/plugins/builtin/quotes/QuotationsPageSource.py'
INFO: 2021-08-01 12:09:43,571: load() 'Jumble found plugin class: <class 'QuotationsPageSource.QuotationsPageSource'>: {'name': 'TheQuotationsPage.com', 'description': 'Fetches quotes from TheQuotationsPage.com', 'author': 'Peter Levi', 'version': '0.1'}'
INFO: 2021-08-01 12:09:43,575: log_options() 'Loaded options:'
INFO: 2021-08-01 12:09:43,575: log_options() 'change_enabled = True'
INFO: 2021-08-01 12:09:43,575: log_options() 'change_interval = 300'
INFO: 2021-08-01 12:09:43,575: log_options() 'change_on_start = False'
INFO: 2021-08-01 12:09:43,575: log_options() 'clipboard_enabled = False'
INFO: 2021-08-01 12:09:43,575: log_options() 'clipboard_hosts = ['wallhaven.cc', 'wallpapers.net', 'flickr.com', 'imgur.com', 'deviantart.com', 'interfacelift.com', 'vladstudio.com', 'imageshack.us', 'deviantart.net', 'imageshack.com']'
INFO: 2021-08-01 12:09:43,575: log_options() 'clipboard_use_whitelist = True'
INFO: 2021-08-01 12:09:43,575: log_options() 'clock_date_font = Ubuntu Condensed, 30'
INFO: 2021-08-01 12:09:43,575: log_options() 'clock_enabled = False'
INFO: 2021-08-01 12:09:43,575: log_options() 'clock_filter = -density 100 -font `fc-match -f '%{file[0]}' '%CLOCK_FONT_NAME'` -pointsize %CLOCK_FONT_SIZE -gravity SouthEast -fill '#00000044' -annotate 0x0+[%HOFFSET+58]+[%VOFFSET+108] '%H:%M' -fill white -annotate 0x0+[%HOFFSET+60]+[%VOFFSET+110] '%H:%M' -font `fc-match -f '%{file[0]}' '%DATE_FONT_NAME'` -pointsize %DATE_FONT_SIZE -fill '#00000044' -annotate 0x0+[%HOFFSET+58]+[%VOFFSET+58] '%A, %B %d' -fill white -annotate 0x0+[%HOFFSET+60]+[%VOFFSET+60] '%A, %B %d''
INFO: 2021-08-01 12:09:43,575: log_options() 'clock_font = Ubuntu Condensed, 70'
INFO: 2021-08-01 12:09:43,575: log_options() 'configfile = /home/cs/.config/variety/variety.conf'
INFO: 2021-08-01 12:09:43,575: log_options() 'copyto_enabled = False'
INFO: 2021-08-01 12:09:43,575: log_options() 'copyto_folder = Default'
INFO: 2021-08-01 12:09:43,575: log_options() 'desired_color = [160, 160, 160]'
INFO: 2021-08-01 12:09:43,575: log_options() 'desired_color_enabled = False'
INFO: 2021-08-01 12:09:43,575: log_options() 'download_folder = /home/cs/.config/variety/Downloaded'
INFO: 2021-08-01 12:09:43,575: log_options() 'download_preference_ratio = 0.9'
INFO: 2021-08-01 12:09:43,575: log_options() 'favorites_folder = /home/cs/.config/variety/Favorites'
INFO: 2021-08-01 12:09:43,575: log_options() 'favorites_operations = [['Downloaded', 'Copy'], ['Fetched', 'Move'], ['Others', 'Copy']]'
INFO: 2021-08-01 12:09:43,576: log_options() 'fetched_folder = /home/cs/.config/variety/Fetched'
INFO: 2021-08-01 12:09:43,576: log_options() 'filters = [[False, 'Keep original', ''], [False, 'Grayscale', '-type Grayscale'], [False, 'Heavy blur', '-blur 120x40'], [False, 'Soft blur', '-blur 20x7'], [False, 'Oil painting', '-paint 8'], [False, 'Pointilism', '-spread 10 -noise 3'], [False, 'Pixellate', '-scale 3% -scale 3333%']]'
INFO: 2021-08-01 12:09:43,576: log_options() 'icon = Light'
INFO: 2021-08-01 12:09:43,576: log_options() 'lightness_enabled = False'
INFO: 2021-08-01 12:09:43,576: log_options() 'lightness_mode = 0'
INFO: 2021-08-01 12:09:43,576: log_options() 'min_rating = 4'
INFO: 2021-08-01 12:09:43,576: log_options() 'min_rating_enabled = False'
INFO: 2021-08-01 12:09:43,576: log_options() 'min_size = 80'
INFO: 2021-08-01 12:09:43,576: log_options() 'min_size_enabled = False'
INFO: 2021-08-01 12:09:43,576: log_options() 'quota_enabled = True'
INFO: 2021-08-01 12:09:43,576: log_options() 'quota_size = 1000'
INFO: 2021-08-01 12:09:43,576: log_options() 'quotes_authors = '
INFO: 2021-08-01 12:09:43,576: log_options() 'quotes_bg_color = [80, 80, 80]'
INFO: 2021-08-01 12:09:43,576: log_options() 'quotes_bg_opacity = 55'
INFO: 2021-08-01 12:09:43,576: log_options() 'quotes_change_enabled = False'
INFO: 2021-08-01 12:09:43,576: log_options() 'quotes_change_interval = 300'
INFO: 2021-08-01 12:09:43,576: log_options() 'quotes_disabled_sources = ['Urban Dictionary']'
INFO: 2021-08-01 12:09:43,576: log_options() 'quotes_enabled = False'
INFO: 2021-08-01 12:09:43,576: log_options() 'quotes_favorites_file = /home/cs/.config/variety/favorite_quotes.txt'
INFO: 2021-08-01 12:09:43,576: log_options() 'quotes_font = Bitstream Charter 30'
INFO: 2021-08-01 12:09:43,576: log_options() 'quotes_hpos = 100'
INFO: 2021-08-01 12:09:43,576: log_options() 'quotes_max_length = 250'
INFO: 2021-08-01 12:09:43,576: log_options() 'quotes_tags = '
INFO: 2021-08-01 12:09:43,576: log_options() 'quotes_text_color = [255, 255, 255]'
INFO: 2021-08-01 12:09:43,576: log_options() 'quotes_text_shadow = False'
INFO: 2021-08-01 12:09:43,576: log_options() 'quotes_vpos = 40'
INFO: 2021-08-01 12:09:43,576: log_options() 'quotes_width = 70'
INFO: 2021-08-01 12:09:43,576: log_options() 'safe_mode = False'
INFO: 2021-08-01 12:09:43,576: log_options() 'slideshow_custom_enabled = False'
INFO: 2021-08-01 12:09:43,576: log_options() 'slideshow_custom_folder = /home/cs/Pictures'
INFO: 2021-08-01 12:09:43,576: log_options() 'slideshow_downloads_enabled = False'
INFO: 2021-08-01 12:09:43,576: log_options() 'slideshow_fade = 0.4'
INFO: 2021-08-01 12:09:43,576: log_options() 'slideshow_favorites_enabled = True'
INFO: 2021-08-01 12:09:43,576: log_options() 'slideshow_mode = Fullscreen'
INFO: 2021-08-01 12:09:43,576: log_options() 'slideshow_monitor = All'
INFO: 2021-08-01 12:09:43,576: log_options() 'slideshow_pan = 0.05'
INFO: 2021-08-01 12:09:43,576: log_options() 'slideshow_seconds = 6.0'
INFO: 2021-08-01 12:09:43,576: log_options() 'slideshow_sort_order = Random'
INFO: 2021-08-01 12:09:43,576: log_options() 'slideshow_sources_enabled = True'
INFO: 2021-08-01 12:09:43,576: log_options() 'slideshow_zoom = 0.2'
INFO: 2021-08-01 12:09:43,576: log_options() 'smart_enabled = False'
INFO: 2021-08-01 12:09:43,576: log_options() 'smart_notice_shown = False'
INFO: 2021-08-01 12:09:43,576: log_options() 'smart_register_shown = False'
INFO: 2021-08-01 12:09:43,576: log_options() 'sources = [[True, 'favorites', 'The Favorites folder'], [True, 'fetched', 'The Fetched folder'], [False, 'folder', '/usr/share/backgrounds'], [False, 'flickr', 'user:www.flickr.com/photos/peter-levi/;user_id:93647178@N00;'], [False, 'apod', "NASA's Astronomy Picture of the Day"], [False, 'bing', 'Bing Photo of the Day'], [False, 'earthview', 'Google Earth View Wallpapers'], [False, 'unsplash', 'High-resolution photos from Unsplash.com'], [True, 'folder', '/home/cs/.local/share/backgrounds']]'
INFO: 2021-08-01 12:09:43,576: log_options() 'stats_enabled = True'
INFO: 2021-08-01 12:09:43,576: log_options() 'stats_notice_shown = False'
INFO: 2021-08-01 12:09:43,576: log_options() 'sync_enabled = True'
INFO: 2021-08-01 12:09:43,576: log_options() 'use_landscape_enabled = True'
INFO: 2021-08-01 12:09:43,576: reload_config() 'No need to clear prepared queue'
INFO: 2021-08-01 12:09:43,577: update_indicator() 'Setting file info to: /home/cs/.local/share/backgrounds/ddnitvv-e52826b5-4d34-410b-8a9e-9970779f26eb.jpg'
INFO: 2021-08-01 12:09:43,579: load_last_change_time() 'Change interval < 6 hours, ignore persisted last_change_time, wait initially the whole interval: 300'
INFO: 2021-08-01 12:09:43,580: update_indicator() 'Setting file info to: /home/cs/.local/share/backgrounds/ddnitvv-e52826b5-4d34-410b-8a9e-9970779f26eb.jpg'
INFO: 2021-08-01 12:09:43,580: regular_change_thread() 'regular_change thread running'
INFO: 2021-08-01 12:09:43,580: prepare_thread() 'Prepare thread running'
INFO: 2021-08-01 12:09:43,581: prepare_thread() 'Prepared buffer contains 0 images'
INFO: 2021-08-01 12:09:43,581: prepare_thread() 'Preparing some images'
INFO: 2021-08-01 12:09:43,582: update_indicator_icon() 'Creating indicator'
WARNING: 2021-08-01 12:09:43,617: create_menu() 'Variety Slideshow is not installed. This is an optional extension adding pan-and-zoom slideshows to Variety: see https://github.com/peterlevi/variety-slideshow for details'
INFO: 2021-08-01 12:09:43,618: create_indicator() 'indicator backend: AyatanaAppIndicator3'
INFO: 2021-08-01 12:09:43,636: set_from_theme_icon() 'Showing indicator icon variety-indicator from GTK theme'
INFO: 2021-08-01 12:09:43,649: prepare_thread() 'After search prepared buffer contains 100 images'
INFO: 2021-08-01 12:09:43,680: do_set_wp() 'Calling do_set_wp with /home/cs/.local/share/backgrounds/ddnitvv-e52826b5-4d34-410b-8a9e-9970779f26eb.jpg, time: 1627844983.680216'
INFO: 2021-08-01 12:09:43,686: update_indicator() 'Setting file info to: /home/cs/.local/share/backgrounds/ddnitvv-e52826b5-4d34-410b-8a9e-9970779f26eb.jpg'
INFO: 2021-08-01 12:09:44,790: reload() 'Reloading preferences dialog'
INFO: 2021-08-01 12:09:45,649: trigger_download() 'Triggering download thread to check if download needed'
INFO: 2021-08-01 12:10:02,809: server_options_thread() 'Fetching server options from http://tiny.cc/variety-options-063'
INFO: 2021-08-01 12:10:04,185: server_options_thread() 'Fetched server options: {'flickr': {'min_fill_queue_interval': 1200, 'min_download_interval': 1200}, 'wallbase': {'min_fill_queue_interval': 1800, 'min_download_interval': 1800}, 'wallhaven': {'min_fill_queue_interval': 1800, 'min_download_interval': 1800}, 'wallpapers.net': {'min_fill_queue_interval': 601, 'min_download_interval': 0}, 'unsplash': {'min_fill_queue_interval': 20000000000, 'min_download_interval': 20000000000}, 'unsplash_v2': {'min_fill_queue_interval': 2000, 'min_download_interval': 1200}, 'status_message': {'0.0.1': '', '*': ''}}'
INFO: 2021-08-01 12:14:43,580: regular_change_thread() 'regular_change changes wallpaper'
INFO: 2021-08-01 12:14:43,580: set_wallpaper() 'Calling set_wallpaper with /home/cs/.local/share/backgrounds/2859301.jpg'
INFO: 2021-08-01 12:14:43,580: prepare_thread() 'Prepared buffer contains 99 images'
INFO: 2021-08-01 12:14:43,581: do_set_wp() 'Calling do_set_wp with /home/cs/.local/share/backgrounds/2859301.jpg, time: 1627845283.5814219'
INFO: 2021-08-01 12:14:43,594: update_indicator() 'Setting file info to: /home/cs/.local/share/backgrounds/2859301.jpg'
INFO: 2021-08-01 12:14:45,581: trigger_download() 'Triggering download thread to check if download needed'
INFO: 2021-08-01 12:19:43,714: regular_change_thread() 'regular_change changes wallpaper'
INFO: 2021-08-01 12:19:43,715: set_wallpaper() 'Calling set_wallpaper with /home/cs/.local/share/backgrounds/75158.jpg'
INFO: 2021-08-01 12:19:43,715: do_set_wp() 'Calling do_set_wp with /home/cs/.local/share/backgrounds/75158.jpg, time: 1627845583.7156544'
INFO: 2021-08-01 12:19:43,716: prepare_thread() 'Prepared buffer contains 98 images'
INFO: 2021-08-01 12:19:43,729: update_indicator() 'Setting file info to: /home/cs/.local/share/backgrounds/75158.jpg'
INFO: 2021-08-01 12:19:45,716: trigger_download() 'Triggering download thread to check if download needed'
INFO: 2021-08-01 12:24:43,852: regular_change_thread() 'regular_change changes wallpaper'
INFO: 2021-08-01 12:24:43,853: set_wallpaper() 'Calling set_wallpaper with /home/cs/.local/share/backgrounds/fantasyart-1624279944474-8204.jpg'
INFO: 2021-08-01 12:24:43,853: prepare_thread() 'Prepared buffer contains 97 images'
INFO: 2021-08-01 12:24:43,853: do_set_wp() 'Calling do_set_wp with /home/cs/.local/share/backgrounds/fantasyart-1624279944474-8204.jpg, time: 1627845883.8539166'
INFO: 2021-08-01 12:24:43,867: update_indicator() 'Setting file info to: /home/cs/.local/share/backgrounds/fantasyart-1624279944474-8204.jpg'
INFO: 2021-08-01 12:24:45,854: trigger_download() 'Triggering download thread to check if download needed'
INFO: 2021-08-01 12:29:43,991: regular_change_thread() 'regular_change changes wallpaper'
INFO: 2021-08-01 12:29:43,992: set_wallpaper() 'Calling set_wallpaper with /home/cs/.local/share/backgrounds/313038.jpg'
INFO: 2021-08-01 12:29:43,992: do_set_wp() 'Calling do_set_wp with /home/cs/.local/share/backgrounds/313038.jpg, time: 1627846183.9924965'
INFO: 2021-08-01 12:29:43,992: prepare_thread() 'Prepared buffer contains 96 images'
INFO: 2021-08-01 12:29:44,007: update_indicator() 'Setting file info to: /home/cs/.local/share/backgrounds/313038.jpg'
INFO: 2021-08-01 12:29:45,993: trigger_download() 'Triggering download thread to check if download needed'
INFO: 2021-08-01 12:34:44,111: regular_change_thread() 'regular_change changes wallpaper'
INFO: 2021-08-01 12:34:44,111: set_wallpaper() 'Calling set_wallpaper with /home/cs/.local/share/backgrounds/japan-anime-sky_1563222680.jpg'
INFO: 2021-08-01 12:34:44,112: do_set_wp() 'Calling do_set_wp with /home/cs/.local/share/backgrounds/japan-anime-sky_1563222680.jpg, time: 1627846484.1120152'
INFO: 2021-08-01 12:34:44,112: prepare_thread() 'Prepared buffer contains 95 images'
INFO: 2021-08-01 12:34:44,126: update_indicator() 'Setting file info to: /home/cs/.local/share/backgrounds/japan-anime-sky_1563222680.jpg'
INFO: 2021-08-01 12:34:46,113: trigger_download() 'Triggering download thread to check if download needed'
INFO: 2021-08-01 12:39:44,309: regular_change_thread() 'regular_change changes wallpaper'
INFO: 2021-08-01 12:39:44,309: set_wallpaper() 'Calling set_wallpaper with /home/cs/.local/share/backgrounds/wp7161162-pc-4k-japan-anime-wallpapers.jpg'
INFO: 2021-08-01 12:39:44,310: prepare_thread() 'Prepared buffer contains 94 images'
INFO: 2021-08-01 12:39:44,310: do_set_wp() 'Calling do_set_wp with /home/cs/.local/share/backgrounds/wp7161162-pc-4k-japan-anime-wallpapers.jpg, time: 1627846784.3104725'
INFO: 2021-08-01 12:39:44,324: update_indicator() 'Setting file info to: /home/cs/.local/share/backgrounds/wp7161162-pc-4k-japan-anime-wallpapers.jpg'
INFO: 2021-08-01 12:39:46,311: trigger_download() 'Triggering download thread to check if download needed'
INFO: 2021-08-01 12:44:44,467: regular_change_thread() 'regular_change changes wallpaper'
INFO: 2021-08-01 12:44:44,467: set_wallpaper() 'Calling set_wallpaper with /home/cs/.local/share/backgrounds/wallpaperflare.com_wallpaper9.jpg'
INFO: 2021-08-01 12:44:44,467: prepare_thread() 'Prepared buffer contains 93 images'
INFO: 2021-08-01 12:44:44,468: do_set_wp() 'Calling do_set_wp with /home/cs/.local/share/backgrounds/wallpaperflare.com_wallpaper9.jpg, time: 1627847084.468414'
INFO: 2021-08-01 12:44:44,482: update_indicator() 'Setting file info to: /home/cs/.local/share/backgrounds/wallpaperflare.com_wallpaper9.jpg'
INFO: 2021-08-01 12:44:46,469: trigger_download() 'Triggering download thread to check if download needed'
INFO: 2021-08-01 12:49:44,624: regular_change_thread() 'regular_change changes wallpaper'
INFO: 2021-08-01 12:49:44,624: set_wallpaper() 'Calling set_wallpaper with /home/cs/.local/share/backgrounds/402573.jpg'
INFO: 2021-08-01 12:49:44,625: prepare_thread() 'Prepared buffer contains 92 images'
INFO: 2021-08-01 12:49:44,626: do_set_wp() 'Calling do_set_wp with /home/cs/.local/share/backgrounds/402573.jpg, time: 1627847384.6259909'
INFO: 2021-08-01 12:49:44,639: update_indicator() 'Setting file info to: /home/cs/.local/share/backgrounds/402573.jpg'
INFO: 2021-08-01 12:49:46,626: trigger_download() 'Triggering download thread to check if download needed'
INFO: 2021-08-01 12:54:44,815: regular_change_thread() 'regular_change changes wallpaper'
INFO: 2021-08-01 12:54:44,816: set_wallpaper() 'Calling set_wallpaper with /home/cs/.local/share/backgrounds/fantasyart-1624279446830-9540.jpg'
INFO: 2021-08-01 12:54:44,816: prepare_thread() 'Prepared buffer contains 91 images'
INFO: 2021-08-01 12:54:44,816: do_set_wp() 'Calling do_set_wp with /home/cs/.local/share/backgrounds/fantasyart-1624279446830-9540.jpg, time: 1627847684.8169782'
INFO: 2021-08-01 12:54:44,830: update_indicator() 'Setting file info to: /home/cs/.local/share/backgrounds/fantasyart-1624279446830-9540.jpg'
INFO: 2021-08-01 12:54:46,817: trigger_download() 'Triggering download thread to check if download needed'
INFO: 2021-08-01 12:59:45,000: regular_change_thread() 'regular_change changes wallpaper'
INFO: 2021-08-01 12:59:45,000: set_wallpaper() 'Calling set_wallpaper with /home/cs/.local/share/backgrounds/757985.png'
INFO: 2021-08-01 12:59:45,000: prepare_thread() 'Prepared buffer contains 90 images'
INFO: 2021-08-01 12:59:45,001: do_set_wp() 'Calling do_set_wp with /home/cs/.local/share/backgrounds/757985.png, time: 1627847985.0013542'
INFO: 2021-08-01 12:59:45,015: update_indicator() 'Setting file info to: /home/cs/.local/share/backgrounds/757985.png'
INFO: 2021-08-01 12:59:47,001: trigger_download() 'Triggering download thread to check if download needed'
INFO: 2021-08-01 13:04:45,165: regular_change_thread() 'regular_change changes wallpaper'
INFO: 2021-08-01 13:04:45,166: set_wallpaper() 'Calling set_wallpaper with /home/cs/.local/share/backgrounds/ant-rozetsky-vzpzGQfDrR4-unsplash.jpg'
INFO: 2021-08-01 13:04:45,166: prepare_thread() 'Prepared buffer contains 89 images'
INFO: 2021-08-01 13:04:45,167: do_set_wp() 'Calling do_set_wp with /home/cs/.local/share/backgrounds/ant-rozetsky-vzpzGQfDrR4-unsplash.jpg, time: 1627848285.1670597'
INFO: 2021-08-01 13:04:45,180: update_indicator() 'Setting file info to: /home/cs/.local/share/backgrounds/ant-rozetsky-vzpzGQfDrR4-unsplash.jpg'
INFO: 2021-08-01 13:04:47,167: trigger_download() 'Triggering download thread to check if download needed'
INFO: 2021-08-01 13:09:45,289: regular_change_thread() 'regular_change changes wallpaper'
INFO: 2021-08-01 13:09:45,290: set_wallpaper() 'Calling set_wallpaper with /home/cs/.local/share/backgrounds/wallpaperflare.com_wallpaper4.jpg'
INFO: 2021-08-01 13:09:45,290: prepare_thread() 'Prepared buffer contains 88 images'
INFO: 2021-08-01 13:09:45,291: do_set_wp() 'Calling do_set_wp with /home/cs/.local/share/backgrounds/wallpaperflare.com_wallpaper4.jpg, time: 1627848585.2911713'
INFO: 2021-08-01 13:09:45,305: update_indicator() 'Setting file info to: /home/cs/.local/share/backgrounds/wallpaperflare.com_wallpaper4.jpg'
INFO: 2021-08-01 13:09:47,291: trigger_download() 'Triggering download thread to check if download needed'
INFO: 2021-08-01 13:14:45,433: regular_change_thread() 'regular_change changes wallpaper'
INFO: 2021-08-01 13:14:45,433: set_wallpaper() 'Calling set_wallpaper with /home/cs/.local/share/backgrounds/sorasak-_UIN-pFfJ7c-unsplash.jpg'
INFO: 2021-08-01 13:14:45,434: prepare_thread() 'Prepared buffer contains 87 images'
INFO: 2021-08-01 13:14:45,434: do_set_wp() 'Calling do_set_wp with /home/cs/.local/share/backgrounds/sorasak-_UIN-pFfJ7c-unsplash.jpg, time: 1627848885.4348547'
INFO: 2021-08-01 13:14:45,448: update_indicator() 'Setting file info to: /home/cs/.local/share/backgrounds/sorasak-_UIN-pFfJ7c-unsplash.jpg'
INFO: 2021-08-01 13:14:47,435: trigger_download() 'Triggering download thread to check if download needed'
INFO: 2021-08-01 13:19:45,643: regular_change_thread() 'regular_change changes wallpaper'
INFO: 2021-08-01 13:19:45,644: set_wallpaper() 'Calling set_wallpaper with /home/cs/.local/share/backgrounds/mount-fuji-4k-autumn-mountains-shizuoka-besthqwallpapers.com-1920x1080.jpg'
INFO: 2021-08-01 13:19:45,644: prepare_thread() 'Prepared buffer contains 86 images'
INFO: 2021-08-01 13:19:45,645: do_set_wp() 'Calling do_set_wp with /home/cs/.local/share/backgrounds/mount-fuji-4k-autumn-mountains-shizuoka-besthqwallpapers.com-1920x1080.jpg, time: 1627849185.645293'
INFO: 2021-08-01 13:19:45,659: update_indicator() 'Setting file info to: /home/cs/.local/share/backgrounds/mount-fuji-4k-autumn-mountains-shizuoka-besthqwallpapers.com-1920x1080.jpg'
INFO: 2021-08-01 13:19:47,645: trigger_download() 'Triggering download thread to check if download needed'
INFO: 2021-08-01 13:24:45,761: regular_change_thread() 'regular_change changes wallpaper'
INFO: 2021-08-01 13:24:45,762: set_wallpaper() 'Calling set_wallpaper with /home/cs/.local/share/backgrounds/wp6522711-retro-wave-4k-japan-wallpapers.jpg'
INFO: 2021-08-01 13:24:45,762: prepare_thread() 'Prepared buffer contains 85 images'
INFO: 2021-08-01 13:24:45,763: do_set_wp() 'Calling do_set_wp with /home/cs/.local/share/backgrounds/wp6522711-retro-wave-4k-japan-wallpapers.jpg, time: 1627849485.7633662'
INFO: 2021-08-01 13:24:45,777: update_indicator() 'Setting file info to: /home/cs/.local/share/backgrounds/wp6522711-retro-wave-4k-japan-wallpapers.jpg'
INFO: 2021-08-01 13:24:47,763: trigger_download() 'Triggering download thread to check if download needed'
INFO: 2021-08-01 13:29:45,974: regular_change_thread() 'regular_change changes wallpaper'
INFO: 2021-08-01 13:29:45,974: set_wallpaper() 'Calling set_wallpaper with /home/cs/.local/share/backgrounds/757927.jpg'
INFO: 2021-08-01 13:29:45,975: prepare_thread() 'Prepared buffer contains 84 images'
INFO: 2021-08-01 13:29:45,975: do_set_wp() 'Calling do_set_wp with /home/cs/.local/share/backgrounds/757927.jpg, time: 1627849785.9755926'
INFO: 2021-08-01 13:29:45,990: update_indicator() 'Setting file info to: /home/cs/.local/share/backgrounds/757927.jpg'
INFO: 2021-08-01 13:29:47,976: trigger_download() 'Triggering download thread to check if download needed'
INFO: 2021-08-01 13:34:46,098: regular_change_thread() 'regular_change changes wallpaper'
INFO: 2021-08-01 13:34:46,098: set_wallpaper() 'Calling set_wallpaper with /home/cs/.local/share/backgrounds/73444.jpg'
INFO: 2021-08-01 13:34:46,098: prepare_thread() 'Prepared buffer contains 83 images'
INFO: 2021-08-01 13:34:46,098: do_set_wp() 'Calling do_set_wp with /home/cs/.local/share/backgrounds/73444.jpg, time: 1627850086.098602'
INFO: 2021-08-01 13:34:46,106: update_indicator() 'Setting file info to: /home/cs/.local/share/backgrounds/73444.jpg'
INFO: 2021-08-01 13:34:48,099: trigger_download() 'Triggering download thread to check if download needed'
INFO: 2021-08-01 13:39:46,199: regular_change_thread() 'regular_change changes wallpaper'
INFO: 2021-08-01 13:39:46,199: set_wallpaper() 'Calling set_wallpaper with /home/cs/.local/share/backgrounds/313061.jpg'
INFO: 2021-08-01 13:39:46,200: prepare_thread() 'Prepared buffer contains 82 images'
INFO: 2021-08-01 13:39:46,200: do_set_wp() 'Calling do_set_wp with /home/cs/.local/share/backgrounds/313061.jpg, time: 1627850386.2004728'
INFO: 2021-08-01 13:39:46,213: update_indicator() 'Setting file info to: /home/cs/.local/share/backgrounds/313061.jpg'
INFO: 2021-08-01 13:39:48,201: trigger_download() 'Triggering download thread to check if download needed'
INFO: 2021-08-01 13:44:46,376: regular_change_thread() 'regular_change changes wallpaper'
INFO: 2021-08-01 13:44:46,376: set_wallpaper() 'Calling set_wallpaper with /home/cs/.local/share/backgrounds/383517.jpg'
INFO: 2021-08-01 13:44:46,377: prepare_thread() 'Prepared buffer contains 81 images'
INFO: 2021-08-01 13:44:46,377: do_set_wp() 'Calling do_set_wp with /home/cs/.local/share/backgrounds/383517.jpg, time: 1627850686.3776004'
INFO: 2021-08-01 13:44:46,392: update_indicator() 'Setting file info to: /home/cs/.local/share/backgrounds/383517.jpg'
INFO: 2021-08-01 13:44:48,378: trigger_download() 'Triggering download thread to check if download needed'
INFO: 2021-08-01 13:49:46,520: regular_change_thread() 'regular_change changes wallpaper'
INFO: 2021-08-01 13:49:46,521: set_wallpaper() 'Calling set_wallpaper with /home/cs/.local/share/backgrounds/699223.jpg'
INFO: 2021-08-01 13:49:46,521: do_set_wp() 'Calling do_set_wp with /home/cs/.local/share/backgrounds/699223.jpg, time: 1627850986.5216353'
INFO: 2021-08-01 13:49:46,522: prepare_thread() 'Prepared buffer contains 80 images'
INFO: 2021-08-01 13:49:46,536: update_indicator() 'Setting file info to: /home/cs/.local/share/backgrounds/699223.jpg'
INFO: 2021-08-01 13:49:48,523: trigger_download() 'Triggering download thread to check if download needed'
INFO: 2021-08-01 13:54:46,661: regular_change_thread() 'regular_change changes wallpaper'
INFO: 2021-08-01 13:54:46,661: set_wallpaper() 'Calling set_wallpaper with /home/cs/.local/share/backgrounds/wallpaperflare.com_wallpaper1.jpg'
INFO: 2021-08-01 13:54:46,661: prepare_thread() 'Prepared buffer contains 79 images'
INFO: 2021-08-01 13:54:46,662: do_set_wp() 'Calling do_set_wp with /home/cs/.local/share/backgrounds/wallpaperflare.com_wallpaper1.jpg, time: 1627851286.6622715'
INFO: 2021-08-01 13:54:46,675: update_indicator() 'Setting file info to: /home/cs/.local/share/backgrounds/wallpaperflare.com_wallpaper1.jpg'
INFO: 2021-08-01 13:54:48,662: trigger_download() 'Triggering download thread to check if download needed'
INFO: 2021-08-01 13:59:46,820: regular_change_thread() 'regular_change changes wallpaper'
INFO: 2021-08-01 13:59:46,820: set_wallpaper() 'Calling set_wallpaper with /home/cs/.local/share/backgrounds/alex-knight-DpPutJwgyW8-unsplash.jpg'
INFO: 2021-08-01 13:59:46,820: prepare_thread() 'Prepared buffer contains 78 images'
INFO: 2021-08-01 13:59:46,821: do_set_wp() 'Calling do_set_wp with /home/cs/.local/share/backgrounds/alex-knight-DpPutJwgyW8-unsplash.jpg, time: 1627851586.8212469'
INFO: 2021-08-01 13:59:46,835: update_indicator() 'Setting file info to: /home/cs/.local/share/backgrounds/alex-knight-DpPutJwgyW8-unsplash.jpg'
INFO: 2021-08-01 13:59:48,822: trigger_download() 'Triggering download thread to check if download needed'
INFO: 2021-08-01 14:04:46,984: regular_change_thread() 'regular_change changes wallpaper'
INFO: 2021-08-01 14:04:46,985: set_wallpaper() 'Calling set_wallpaper with /home/cs/.local/share/backgrounds/757919.jpg'
INFO: 2021-08-01 14:04:46,985: prepare_thread() 'Prepared buffer contains 77 images'
INFO: 2021-08-01 14:04:46,986: do_set_wp() 'Calling do_set_wp with /home/cs/.local/share/backgrounds/757919.jpg, time: 1627851886.9862394'
INFO: 2021-08-01 14:04:47,000: update_indicator() 'Setting file info to: /home/cs/.local/share/backgrounds/757919.jpg'
INFO: 2021-08-01 14:04:48,986: trigger_download() 'Triggering download thread to check if download needed'
INFO: 2021-08-01 14:09:47,169: regular_change_thread() 'regular_change changes wallpaper'
INFO: 2021-08-01 14:09:47,170: set_wallpaper() 'Calling set_wallpaper with /home/cs/.local/share/backgrounds/ddm6tx0-01c2b418-33be-4203-a407-676e8578bcb2.png'
INFO: 2021-08-01 14:09:47,170: prepare_thread() 'Prepared buffer contains 76 images'
INFO: 2021-08-01 14:09:47,170: do_set_wp() 'Calling do_set_wp with /home/cs/.local/share/backgrounds/ddm6tx0-01c2b418-33be-4203-a407-676e8578bcb2.png, time: 1627852187.1709604'
INFO: 2021-08-01 14:09:47,185: update_indicator() 'Setting file info to: /home/cs/.local/share/backgrounds/ddm6tx0-01c2b418-33be-4203-a407-676e8578bcb2.png'
INFO: 2021-08-01 14:09:49,171: trigger_download() 'Triggering download thread to check if download needed'
INFO: 2021-08-01 14:14:47,769: regular_change_thread() 'regular_change changes wallpaper'
INFO: 2021-08-01 14:14:47,770: set_wallpaper() 'Calling set_wallpaper with /home/cs/.local/share/backgrounds/59954530_p4_master1200.jpg'
INFO: 2021-08-01 14:14:47,770: prepare_thread() 'Prepared buffer contains 75 images'
INFO: 2021-08-01 14:14:47,770: do_set_wp() 'Calling do_set_wp with /home/cs/.local/share/backgrounds/59954530_p4_master1200.jpg, time: 1627852487.7707582'
INFO: 2021-08-01 14:14:47,785: update_indicator() 'Setting file info to: /home/cs/.local/share/backgrounds/59954530_p4_master1200.jpg'
INFO: 2021-08-01 14:14:49,771: trigger_download() 'Triggering download thread to check if download needed'
INFO: 2021-08-01 14:19:47,909: regular_change_thread() 'regular_change changes wallpaper'
INFO: 2021-08-01 14:19:47,909: set_wallpaper() 'Calling set_wallpaper with /home/cs/.local/share/backgrounds/wp6146989-cities-in-anime-wallpapers.jpg'
INFO: 2021-08-01 14:19:47,910: prepare_thread() 'Prepared buffer contains 74 images'
INFO: 2021-08-01 14:19:47,910: do_set_wp() 'Calling do_set_wp with /home/cs/.local/share/backgrounds/wp6146989-cities-in-anime-wallpapers.jpg, time: 1627852787.9107783'
INFO: 2021-08-01 14:19:47,924: update_indicator() 'Setting file info to: /home/cs/.local/share/backgrounds/wp6146989-cities-in-anime-wallpapers.jpg'
INFO: 2021-08-01 14:19:49,910: trigger_download() 'Triggering download thread to check if download needed'
INFO: 2021-08-01 14:24:48,023: regular_change_thread() 'regular_change changes wallpaper'
INFO: 2021-08-01 14:24:48,023: set_wallpaper() 'Calling set_wallpaper with /home/cs/.local/share/backgrounds/27033.jpg'
INFO: 2021-08-01 14:24:48,024: prepare_thread() 'Prepared buffer contains 73 images'
INFO: 2021-08-01 14:24:48,024: do_set_wp() 'Calling do_set_wp with /home/cs/.local/share/backgrounds/27033.jpg, time: 1627853088.0249743'
INFO: 2021-08-01 14:24:48,038: update_indicator() 'Setting file info to: /home/cs/.local/share/backgrounds/27033.jpg'
INFO: 2021-08-01 14:24:50,024: trigger_download() 'Triggering download thread to check if download needed'
INFO: 2021-08-01 14:29:48,226: regular_change_thread() 'regular_change changes wallpaper'
INFO: 2021-08-01 14:29:48,227: set_wallpaper() 'Calling set_wallpaper with /home/cs/.local/share/backgrounds/alex-knight-wfwUpfVqrKU-unsplash.jpg'
INFO: 2021-08-01 14:29:48,227: prepare_thread() 'Prepared buffer contains 72 images'
INFO: 2021-08-01 14:29:48,228: do_set_wp() 'Calling do_set_wp with /home/cs/.local/share/backgrounds/alex-knight-wfwUpfVqrKU-unsplash.jpg, time: 1627853388.2280955'
INFO: 2021-08-01 14:29:48,241: update_indicator() 'Setting file info to: /home/cs/.local/share/backgrounds/alex-knight-wfwUpfVqrKU-unsplash.jpg'
INFO: 2021-08-01 14:29:50,228: trigger_download() 'Triggering download thread to check if download needed'
INFO: 2021-08-01 14:34:48,355: regular_change_thread() 'regular_change changes wallpaper'
INFO: 2021-08-01 14:34:48,355: set_wallpaper() 'Calling set_wallpaper with /home/cs/.local/share/backgrounds/16481562366_5da872fe84_o.jpg'
INFO: 2021-08-01 14:34:48,356: prepare_thread() 'Prepared buffer contains 71 images'
INFO: 2021-08-01 14:34:48,356: do_set_wp() 'Calling do_set_wp with /home/cs/.local/share/backgrounds/16481562366_5da872fe84_o.jpg, time: 1627853688.356626'
INFO: 2021-08-01 14:34:48,369: update_indicator() 'Setting file info to: /home/cs/.local/share/backgrounds/16481562366_5da872fe84_o.jpg'
INFO: 2021-08-01 14:34:50,356: trigger_download() 'Triggering download thread to check if download needed'
INFO: 2021-08-01 14:39:48,505: regular_change_thread() 'regular_change changes wallpaper'
INFO: 2021-08-01 14:39:48,505: set_wallpaper() 'Calling set_wallpaper with /home/cs/.local/share/backgrounds/ddnd6xo-b948ee94-044b-49e8-89d5-fd5c209ca811.jpg'
INFO: 2021-08-01 14:39:48,505: do_set_wp() 'Calling do_set_wp with /home/cs/.local/share/backgrounds/ddnd6xo-b948ee94-044b-49e8-89d5-fd5c209ca811.jpg, time: 1627853988.5058289'
INFO: 2021-08-01 14:39:48,506: prepare_thread() 'Prepared buffer contains 70 images'
INFO: 2021-08-01 14:39:48,511: update_indicator() 'Setting file info to: /home/cs/.local/share/backgrounds/ddnd6xo-b948ee94-044b-49e8-89d5-fd5c209ca811.jpg'
INFO: 2021-08-01 14:39:50,506: trigger_download() 'Triggering download thread to check if download needed'
INFO: 2021-08-01 14:44:48,884: regular_change_thread() 'regular_change changes wallpaper'
INFO: 2021-08-01 14:44:48,884: set_wallpaper() 'Calling set_wallpaper with /home/cs/.local/share/backgrounds/73634202_p0.jpg'
INFO: 2021-08-01 14:44:48,884: prepare_thread() 'Prepared buffer contains 69 images'
INFO: 2021-08-01 14:44:48,885: do_set_wp() 'Calling do_set_wp with /home/cs/.local/share/backgrounds/73634202_p0.jpg, time: 1627854288.8855867'
INFO: 2021-08-01 14:44:48,898: update_indicator() 'Setting file info to: /home/cs/.local/share/backgrounds/73634202_p0.jpg'
INFO: 2021-08-01 14:44:50,886: trigger_download() 'Triggering download thread to check if download needed'
INFO: 2021-08-01 14:49:49,058: regular_change_thread() 'regular_change changes wallpaper'
INFO: 2021-08-01 14:49:49,058: set_wallpaper() 'Calling set_wallpaper with /home/cs/.local/share/backgrounds/758015.jpg'
INFO: 2021-08-01 14:49:49,058: do_set_wp() 'Calling do_set_wp with /home/cs/.local/share/backgrounds/758015.jpg, time: 1627854589.0588093'
INFO: 2021-08-01 14:49:49,059: prepare_thread() 'Prepared buffer contains 68 images'
INFO: 2021-08-01 14:49:49,072: update_indicator() 'Setting file info to: /home/cs/.local/share/backgrounds/758015.jpg'
INFO: 2021-08-01 14:49:51,059: trigger_download() 'Triggering download thread to check if download needed'
INFO: 2021-08-01 14:54:49,193: regular_change_thread() 'regular_change changes wallpaper'
INFO: 2021-08-01 14:54:49,193: set_wallpaper() 'Calling set_wallpaper with /home/cs/.local/share/backgrounds/man_is_standing_on_rock_with_helmet_in_hand_near_bike_4k_hd_vaporwave-1920x1080.jpg'
INFO: 2021-08-01 14:54:49,194: prepare_thread() 'Prepared buffer contains 67 images'
INFO: 2021-08-01 14:54:49,194: do_set_wp() 'Calling do_set_wp with /home/cs/.local/share/backgrounds/man_is_standing_on_rock_with_helmet_in_hand_near_bike_4k_hd_vaporwave-1920x1080.jpg, time: 1627854889.194546'
INFO: 2021-08-01 14:54:49,208: update_indicator() 'Setting file info to: /home/cs/.local/share/backgrounds/man_is_standing_on_rock_with_helmet_in_hand_near_bike_4k_hd_vaporwave-1920x1080.jpg'
INFO: 2021-08-01 14:54:51,195: trigger_download() 'Triggering download thread to check if download needed'
INFO: 2021-08-01 14:59:49,330: regular_change_thread() 'regular_change changes wallpaper'
INFO: 2021-08-01 14:59:49,330: set_wallpaper() 'Calling set_wallpaper with /home/cs/.local/share/backgrounds/wp7161157-pc-4k-japan-anime-wallpapers.jpg'
INFO: 2021-08-01 14:59:49,330: prepare_thread() 'Prepared buffer contains 66 images'
INFO: 2021-08-01 14:59:49,331: do_set_wp() 'Calling do_set_wp with /home/cs/.local/share/backgrounds/wp7161157-pc-4k-japan-anime-wallpapers.jpg, time: 1627855189.3317187'
INFO: 2021-08-01 14:59:49,345: update_indicator() 'Setting file info to: /home/cs/.local/share/backgrounds/wp7161157-pc-4k-japan-anime-wallpapers.jpg'
INFO: 2021-08-01 14:59:51,332: trigger_download() 'Triggering download thread to check if download needed'
INFO: 2021-08-01 15:04:49,612: regular_change_thread() 'regular_change changes wallpaper'
INFO: 2021-08-01 15:04:49,612: set_wallpaper() 'Calling set_wallpaper with /home/cs/.local/share/backgrounds/1115102.png'
INFO: 2021-08-01 15:04:49,612: prepare_thread() 'Prepared buffer contains 65 images'
INFO: 2021-08-01 15:04:49,613: do_set_wp() 'Calling do_set_wp with /home/cs/.local/share/backgrounds/1115102.png, time: 1627855489.613118'
INFO: 2021-08-01 15:04:49,627: update_indicator() 'Setting file info to: /home/cs/.local/share/backgrounds/1115102.png'
INFO: 2021-08-01 15:04:51,613: trigger_download() 'Triggering download thread to check if download needed'
INFO: 2021-08-01 15:09:49,794: regular_change_thread() 'regular_change changes wallpaper'
INFO: 2021-08-01 15:09:49,794: set_wallpaper() 'Calling set_wallpaper with /home/cs/.local/share/backgrounds/wallpaperflare.com_wallpaper5.jpg'
INFO: 2021-08-01 15:09:49,795: do_set_wp() 'Calling do_set_wp with /home/cs/.local/share/backgrounds/wallpaperflare.com_wallpaper5.jpg, time: 1627855789.7950442'
INFO: 2021-08-01 15:09:49,795: prepare_thread() 'Prepared buffer contains 64 images'
INFO: 2021-08-01 15:09:49,808: update_indicator() 'Setting file info to: /home/cs/.local/share/backgrounds/wallpaperflare.com_wallpaper5.jpg'
INFO: 2021-08-01 15:09:51,796: trigger_download() 'Triggering download thread to check if download needed'
INFO: 2021-08-01 15:14:49,930: regular_change_thread() 'regular_change changes wallpaper'
INFO: 2021-08-01 15:14:49,930: set_wallpaper() 'Calling set_wallpaper with /home/cs/.local/share/backgrounds/313184.jpg'
INFO: 2021-08-01 15:14:49,930: prepare_thread() 'Prepared buffer contains 63 images'
INFO: 2021-08-01 15:14:49,931: do_set_wp() 'Calling do_set_wp with /home/cs/.local/share/backgrounds/313184.jpg, time: 1627856089.9310958'
INFO: 2021-08-01 15:14:49,945: update_indicator() 'Setting file info to: /home/cs/.local/share/backgrounds/313184.jpg'
INFO: 2021-08-01 15:14:51,932: trigger_download() 'Triggering download thread to check if download needed'
INFO: 2021-08-01 15:19:50,057: regular_change_thread() 'regular_change changes wallpaper'
INFO: 2021-08-01 15:19:50,058: set_wallpaper() 'Calling set_wallpaper with /home/cs/.local/share/backgrounds/50706.jpg'
INFO: 2021-08-01 15:19:50,058: prepare_thread() 'Prepared buffer contains 62 images'
INFO: 2021-08-01 15:19:50,059: do_set_wp() 'Calling do_set_wp with /home/cs/.local/share/backgrounds/50706.jpg, time: 1627856390.0591881'
INFO: 2021-08-01 15:19:50,072: update_indicator() 'Setting file info to: /home/cs/.local/share/backgrounds/50706.jpg'
INFO: 2021-08-01 15:19:52,059: trigger_download() 'Triggering download thread to check if download needed'
INFO: 2021-08-01 15:24:50,221: regular_change_thread() 'regular_change changes wallpaper'
INFO: 2021-08-01 15:24:50,222: set_wallpaper() 'Calling set_wallpaper with /home/cs/.local/share/backgrounds/rtVhzX.jpg'
INFO: 2021-08-01 15:24:50,222: prepare_thread() 'Prepared buffer contains 61 images'
INFO: 2021-08-01 15:24:50,223: do_set_wp() 'Calling do_set_wp with /home/cs/.local/share/backgrounds/rtVhzX.jpg, time: 1627856690.2233043'
INFO: 2021-08-01 15:24:50,237: update_indicator() 'Setting file info to: /home/cs/.local/share/backgrounds/rtVhzX.jpg'
INFO: 2021-08-01 15:24:52,223: trigger_download() 'Triggering download thread to check if download needed'
INFO: 2021-08-01 15:29:50,367: regular_change_thread() 'regular_change changes wallpaper'
INFO: 2021-08-01 15:29:50,368: set_wallpaper() 'Calling set_wallpaper with /home/cs/.local/share/backgrounds/5073864.jpg'
INFO: 2021-08-01 15:29:50,368: prepare_thread() 'Prepared buffer contains 60 images'
INFO: 2021-08-01 15:29:50,369: do_set_wp() 'Calling do_set_wp with /home/cs/.local/share/backgrounds/5073864.jpg, time: 1627856990.3690476'
INFO: 2021-08-01 15:29:50,382: update_indicator() 'Setting file info to: /home/cs/.local/share/backgrounds/5073864.jpg'
INFO: 2021-08-01 15:29:52,369: trigger_download() 'Triggering download thread to check if download needed'
